2024/11/21 08:01:53 - [ERROR] - No se encuentra el archivo de configuracion.
2024/11/21 08:02:30 - [ERROR] - No se encuentra el archivo de configuracion.
2024/11/21 08:03:09 - [INFO] - Sincronizacion completada.
2024/11/21 08:04:48 - [INFO] - Iniciando servicio...
2024/11/21 08:05:44 - [INFO] - Conexion a BD establecida.
2024/11/21 08:06:24 - [INFO] - Sincronizacion completada.
2024/11/21 08:08:15 - [DEBUG] - Usuario logueado correctamente.
2024/11/21 08:09:19 - [INFO] - Iniciando servicio...
2024/11/21 08:10:02 - [INFO] - Usuario logueado correctamente.
2024/11/21 08:10:47 - [ERROR] - Fallo al autenticar usuario.
2024/11/21 08:12:41 - [ERROR] - Memoria insuficiente.
2024/11/21 08:14:11 - [ERROR] - Timeout en la conexion a BD.
2024/11/21 08:14:47 - [INFO] - Iniciando servicio...
2024/11/21 08:15:17 - [INFO] - Sincronizacion completada.
2024/11/21 08:16:47 - [DEBUG] - Usuario logueado correctamente.
2024/11/21 08:17:59 - [ERROR] - Memoria insuficiente.
2024/11/21 08:18:10 - [INFO] - Limpiando cache temporal.
2024/11/21 08:19:56 - [INFO] - Sincronizacion completada.
2024/11/21 08:20:18 - [ERROR] - No se encuentra el archivo de configuracion.
2024/11/21 08:21:28 - [INFO] - Limpiando cache temporal.
2024/11/21 08:21:32 - [INFO] - Sincronizacion completada.
2024/11/21 08:22:34 - [INFO] - Limpiando cache temporal.
2024/11/21 08:24:19 - [DEBUG] - Limpiando cache temporal.
2024/11/21 08:25:50 - [ERROR] - Memoria insuficiente.
2024/11/21 08:26:50 - [DEBUG] - Usuario logueado correctamente.
2024/11/21 08:28:06 - [INFO] - Usuario logueado correctamente.
2024/11/21 08:29:08 - [INFO] - Conexion a BD establecida.
2024/11/21 08:30:29 - [INFO] - Sincronizacion completada.
2024/11/21 08:32:19 - [INFO] - Iniciando servicio...
2024/11/21 08:33:22 - [ERROR] - No se encuentra el archivo de configuracion.
