2024/11/20 08:01:42 - [DEBUG] - Conexion a BD establecida.
2024/11/20 08:03:34 - [DEBUG] - Iniciando servicio...
2024/11/20 08:03:56 - [ERROR] - Fallo al autenticar usuario.
2024/11/20 08:04:02 - [INFO] - Usuario logueado correctamente.
2024/11/20 08:04:04 - [ERROR] - No se encuentra el archivo de configuracion.
2024/11/20 08:04:05 - [ERROR] - No se encuentra el archivo de configuracion.
2024/11/20 08:05:34 - [INFO] - Usuario logueado correctamente.
2024/11/20 08:06:18 - [DEBUG] - Iniciando servicio...
2024/11/20 08:08:06 - [DEBUG] - Limpiando cache temporal.
2024/11/20 08:08:36 - [INFO] - Iniciando servicio...
2024/11/20 08:09:24 - [DEBUG] - Sincronizacion completada.
2024/11/20 08:09:39 - [INFO] - Iniciando servicio...
2024/11/20 08:11:27 - [INFO] - Conexion a BD establecida.
2024/11/20 08:11:49 - [ERROR] - Memoria insuficiente.
2024/11/20 08:12:01 - [ERROR] - Memoria insuficiente.
2024/11/20 08:13:46 - [INFO] - Iniciando servicio...
2024/11/20 08:14:18 - [DEBUG] - Limpiando cache temporal.
2024/11/20 08:14:56 - [INFO] - Limpiando cache temporal.
2024/11/20 08:15:20 - [INFO] - Sincronizacion completada.
2024/11/20 08:17:09 - [DEBUG] - Iniciando servicio...
2024/11/20 08:18:02 - [INFO] - Sincronizacion completada.
2024/11/20 08:19:10 - [INFO] - Sincronizacion completada.
2024/11/20 08:19:48 - [INFO] - Conexion a BD establecida.
2024/11/20 08:21:21 - [DEBUG] - Usuario logueado correctamente.
2024/11/20 08:22:23 - [INFO] - Conexion a BD establecida.
2024/11/20 08:24:01 - [DEBUG] - Iniciando servicio...
2024/11/20 08:24:17 - [INFO] - Conexion a BD establecida.
2024/11/20 08:25:29 - [INFO] - Usuario logueado correctamente.
2024/11/20 08:26:03 - [INFO] - Sincronizacion completada.
2024/11/20 08:27:59 - [INFO] - Usuario logueado correctamente.
2024/11/20 08:28:01 - [DEBUG] - Conexion a BD establecida.
2024/11/20 08:28:33 - [ERROR] - Timeout en la conexion a BD.
2024/11/20 08:30:13 - [DEBUG] - Conexion a BD establecida.
2024/11/20 08:32:01 - [INFO] - Conexion a BD establecida.
2024/11/20 08:33:35 - [DEBUG] - Conexion a BD establecida.
2024/11/20 08:34:39 - [INFO] - Usuario logueado correctamente.
2024/11/20 08:35:44 - [DEBUG] - Usuario logueado correctamente.
2024/11/20 08:37:06 - [INFO] - Conexion a BD establecida.
2024/11/20 08:37:34 - [INFO] - Limpiando cache temporal.
2024/11/20 08:38:34 - [INFO] - Limpiando cache temporal.
2024/11/20 08:39:32 - [INFO] - Limpiando cache temporal.
2024/11/20 08:39:50 - [ERROR] - Timeout en la conexion a BD.
2024/11/20 08:40:52 - [INFO] - Limpiando cache temporal.
2024/11/20 08:40:57 - [DEBUG] - Limpiando cache temporal.
2024/11/20 08:41:43 - [INFO] - Sincronizacion completada.
